nohup: ignoring input
📊 Global mean: -47.0199, std: 15.6132
Clip 0 - L1: 3.4839 - L2: 22.9781 - SNR: 19.80 dB - SSIM: 0.7576
Clip 1 - L1: 3.0909 - L2: 16.2971 - SNR: 21.72 dB - SSIM: 0.7867
Clip 2 - L1: 3.2315 - L2: 18.0576 - SNR: 21.79 dB - SSIM: 0.7834
Clip 3 - L1: 3.1824 - L2: 17.6279 - SNR: 20.86 dB - SSIM: 0.7616
Clip 4 - L1: 3.0997 - L2: 16.6970 - SNR: 22.21 dB - SSIM: 0.7566
Clip 5 - L1: 2.9684 - L2: 16.2463 - SNR: 22.26 dB - SSIM: 0.7570
Clip 6 - L1: 3.1012 - L2: 16.5766 - SNR: 21.86 dB - SSIM: 0.7824
Clip 7 - L1: 3.0453 - L2: 15.9989 - SNR: 22.01 dB - SSIM: 0.7744
Clip 8 - L1: 2.7739 - L2: 13.0285 - SNR: 22.91 dB - SSIM: 0.7525
Clip 9 - L1: 2.2152 - L2: 8.8063 - SNR: 24.62 dB - SSIM: 0.7808
Clip 10 - L1: 2.1885 - L2: 8.5900 - SNR: 25.31 dB - SSIM: 0.7397
Clip 11 - L1: 3.0237 - L2: 16.1950 - SNR: 21.49 dB - SSIM: 0.7868
Clip 12 - L1: 4.5018 - L2: 34.1075 - SNR: 18.12 dB - SSIM: 0.6987
Clip 13 - L1: 3.2061 - L2: 17.6688 - SNR: 21.05 dB - SSIM: 0.7586
Clip 14 - L1: 2.8657 - L2: 14.3121 - SNR: 23.15 dB - SSIM: 0.7351
Clip 15 - L1: 2.8202 - L2: 13.3914 - SNR: 22.80 dB - SSIM: 0.7698
Clip 16 - L1: 2.7985 - L2: 13.3721 - SNR: 22.09 dB - SSIM: 0.7878
Clip 17 - L1: 2.6643 - L2: 12.2892 - SNR: 22.17 dB - SSIM: 0.8164
Clip 18 - L1: 3.0481 - L2: 16.6839 - SNR: 21.52 dB - SSIM: 0.7646
Clip 19 - L1: 2.8993 - L2: 14.5803 - SNR: 21.43 dB - SSIM: 0.7764
Clip 20 - L1: 2.7931 - L2: 13.4056 - SNR: 22.24 dB - SSIM: 0.8159
Clip 21 - L1: 3.5478 - L2: 21.1787 - SNR: 20.31 dB - SSIM: 0.7135
Clip 22 - L1: 2.8286 - L2: 14.1595 - SNR: 22.15 dB - SSIM: 0.7755
Clip 23 - L1: 3.4763 - L2: 20.9832 - SNR: 20.80 dB - SSIM: 0.7778
Clip 24 - L1: 2.7794 - L2: 13.2176 - SNR: 22.64 dB - SSIM: 0.7929
Clip 25 - L1: 3.1356 - L2: 16.7671 - SNR: 22.16 dB - SSIM: 0.7370
Clip 26 - L1: 2.7983 - L2: 13.6279 - SNR: 22.50 dB - SSIM: 0.8117
Clip 27 - L1: 2.8021 - L2: 13.9558 - SNR: 22.41 dB - SSIM: 0.7805
Clip 28 - L1: 3.2036 - L2: 24.3634 - SNR: 21.03 dB - SSIM: 0.6973
Clip 29 - L1: 2.1620 - L2: 8.3905 - SNR: 25.63 dB - SSIM: 0.6998
Clip 30 - L1: 2.0851 - L2: 7.5961 - SNR: 24.19 dB - SSIM: 0.7646
Clip 31 - L1: 2.7505 - L2: 13.2680 - SNR: 23.02 dB - SSIM: 0.7760
Clip 32 - L1: 3.2877 - L2: 18.2306 - SNR: 21.20 dB - SSIM: 0.7516
Clip 33 - L1: 2.5522 - L2: 11.1250 - SNR: 22.94 dB - SSIM: 0.7993
Clip 34 - L1: 2.5327 - L2: 11.0724 - SNR: 23.54 dB - SSIM: 0.7666
Clip 35 - L1: 3.0852 - L2: 16.2765 - SNR: 22.13 dB - SSIM: 0.7578
Clip 36 - L1: 2.7120 - L2: 12.8316 - SNR: 22.80 dB - SSIM: 0.7455
Clip 37 - L1: 2.9320 - L2: 15.1253 - SNR: 21.62 dB - SSIM: 0.7641
Clip 38 - L1: 2.7314 - L2: 13.0690 - SNR: 23.26 dB - SSIM: 0.8042
Clip 39 - L1: 2.9160 - L2: 14.5550 - SNR: 21.80 dB - SSIM: 0.7634
Clip 40 - L1: 3.3660 - L2: 19.4485 - SNR: 20.95 dB - SSIM: 0.7412
Clip 41 - L1: 3.2388 - L2: 17.8331 - SNR: 21.33 dB - SSIM: 0.7746
Clip 42 - L1: 2.9502 - L2: 15.2268 - SNR: 22.18 dB - SSIM: 0.8010
Clip 43 - L1: 3.0705 - L2: 15.8543 - SNR: 22.23 dB - SSIM: 0.7747
Clip 44 - L1: 2.7584 - L2: 12.8487 - SNR: 22.15 dB - SSIM: 0.7822
Clip 45 - L1: 3.1219 - L2: 16.7329 - SNR: 21.99 dB - SSIM: 0.7744
Clip 46 - L1: 3.0945 - L2: 16.2662 - SNR: 21.68 dB - SSIM: 0.7843
Clip 47 - L1: 2.8013 - L2: 13.2897 - SNR: 22.74 dB - SSIM: 0.7825
Clip 48 - L1: 3.0544 - L2: 15.8144 - SNR: 21.99 dB - SSIM: 0.7747
Clip 49 - L1: 2.9958 - L2: 15.2353 - SNR: 21.48 dB - SSIM: 0.7603
Clip 50 - L1: 3.3940 - L2: 19.6439 - SNR: 20.83 dB - SSIM: 0.7329
Clip 51 - L1: 2.9973 - L2: 15.0120 - SNR: 22.24 dB - SSIM: 0.7736
Clip 52 - L1: 2.1906 - L2: 8.4697 - SNR: 24.66 dB - SSIM: 0.7133
Clip 53 - L1: 2.7919 - L2: 13.5746 - SNR: 21.77 dB - SSIM: 0.7890
Clip 54 - L1: 3.2888 - L2: 18.4568 - SNR: 20.78 dB - SSIM: 0.7488
Clip 55 - L1: 1.9321 - L2: 6.4819 - SNR: 27.09 dB - SSIM: 0.6467
Clip 56 - L1: 3.0598 - L2: 15.8508 - SNR: 22.30 dB - SSIM: 0.7537
Clip 57 - L1: 2.9913 - L2: 15.1378 - SNR: 22.57 dB - SSIM: 0.7827
Clip 58 - L1: 2.7284 - L2: 12.7004 - SNR: 22.97 dB - SSIM: 0.7876
Clip 59 - L1: 3.1013 - L2: 16.0563 - SNR: 21.73 dB - SSIM: 0.7486
Clip 60 - L1: 2.0788 - L2: 7.6044 - SNR: 24.99 dB - SSIM: 0.7635
Clip 61 - L1: 3.0948 - L2: 16.2358 - SNR: 21.64 dB - SSIM: 0.7860
Clip 62 - L1: 3.0138 - L2: 15.2277 - SNR: 22.53 dB - SSIM: 0.7503
Clip 63 - L1: 2.9770 - L2: 15.8490 - SNR: 22.18 dB - SSIM: 0.7853
Clip 64 - L1: 3.1917 - L2: 17.3241 - SNR: 21.99 dB - SSIM: 0.7706
Clip 65 - L1: 2.4697 - L2: 10.2856 - SNR: 23.77 dB - SSIM: 0.8412
Clip 66 - L1: 3.2006 - L2: 17.6127 - SNR: 21.66 dB - SSIM: 0.7656
Clip 67 - L1: 4.5724 - L2: 36.8871 - SNR: 18.35 dB - SSIM: 0.6854
Clip 68 - L1: 2.9149 - L2: 14.3972 - SNR: 21.95 dB - SSIM: 0.7516
Clip 69 - L1: 2.4760 - L2: 11.0688 - SNR: 24.12 dB - SSIM: 0.7461
Clip 70 - L1: 2.7034 - L2: 12.4194 - SNR: 23.01 dB - SSIM: 0.7780
Clip 71 - L1: 3.1378 - L2: 17.0046 - SNR: 21.25 dB - SSIM: 0.7716
Clip 72 - L1: 2.8158 - L2: 13.6219 - SNR: 21.68 dB - SSIM: 0.7745
Clip 73 - L1: 2.9587 - L2: 14.7472 - SNR: 21.87 dB - SSIM: 0.7781
Clip 74 - L1: 2.9590 - L2: 14.6648 - SNR: 22.85 dB - SSIM: 0.7929
Clip 75 - L1: 3.2878 - L2: 18.6802 - SNR: 20.57 dB - SSIM: 0.7326
Clip 76 - L1: 3.1968 - L2: 17.0516 - SNR: 21.98 dB - SSIM: 0.7718
Clip 77 - L1: 2.8770 - L2: 14.0191 - SNR: 21.88 dB - SSIM: 0.7848
Clip 78 - L1: 2.9509 - L2: 15.1469 - SNR: 21.22 dB - SSIM: 0.7321
Clip 79 - L1: 2.9749 - L2: 15.2862 - SNR: 22.09 dB - SSIM: 0.7881
Clip 80 - L1: 2.9917 - L2: 15.1289 - SNR: 22.31 dB - SSIM: 0.7986
Clip 81 - L1: 2.8674 - L2: 14.2392 - SNR: 22.71 dB - SSIM: 0.7947
Clip 82 - L1: 2.8439 - L2: 13.6681 - SNR: 22.05 dB - SSIM: 0.8044
Clip 83 - L1: 3.3252 - L2: 18.7670 - SNR: 20.82 dB - SSIM: 0.7697
Clip 84 - L1: 2.9037 - L2: 14.1710 - SNR: 21.89 dB - SSIM: 0.7753
Clip 85 - L1: 2.1936 - L2: 8.1252 - SNR: 24.90 dB - SSIM: 0.6844
Clip 86 - L1: 3.1674 - L2: 16.6167 - SNR: 21.91 dB - SSIM: 0.7443
Clip 87 - L1: 3.0575 - L2: 15.9402 - SNR: 21.73 dB - SSIM: 0.7616
Clip 88 - L1: 2.7963 - L2: 13.1364 - SNR: 23.17 dB - SSIM: 0.7704
Clip 89 - L1: 2.8277 - L2: 13.8223 - SNR: 22.92 dB - SSIM: 0.8159
Clip 90 - L1: 3.3774 - L2: 19.1074 - SNR: 20.62 dB - SSIM: 0.7382
Clip 91 - L1: 2.8054 - L2: 13.7360 - SNR: 23.35 dB - SSIM: 0.7100
Clip 92 - L1: 2.8554 - L2: 14.7045 - SNR: 22.95 dB - SSIM: 0.7759
Clip 93 - L1: 2.4021 - L2: 11.0631 - SNR: 23.50 dB - SSIM: 0.7509
Clip 94 - L1: 2.7047 - L2: 12.4767 - SNR: 23.05 dB - SSIM: 0.7965
Clip 95 - L1: 2.6286 - L2: 12.2257 - SNR: 23.76 dB - SSIM: 0.7540
Clip 96 - L1: 2.9993 - L2: 14.8555 - SNR: 21.84 dB - SSIM: 0.7767
Clip 97 - L1: 2.5940 - L2: 12.0654 - SNR: 23.43 dB - SSIM: 0.8063
Clip 98 - L1: 2.9351 - L2: 14.3827 - SNR: 22.61 dB - SSIM: 0.8070
Clip 99 - L1: 2.6181 - L2: 11.9079 - SNR: 23.19 dB - SSIM: 0.7619
Clip 100 - L1: 2.8570 - L2: 13.8656 - SNR: 22.37 dB - SSIM: 0.7825
Clip 101 - L1: 2.7864 - L2: 13.3299 - SNR: 22.41 dB - SSIM: 0.7924
Clip 102 - L1: 2.9516 - L2: 15.1363 - SNR: 22.15 dB - SSIM: 0.8008
Clip 103 - L1: 3.1297 - L2: 16.9050 - SNR: 21.16 dB - SSIM: 0.7680
Clip 104 - L1: 2.7537 - L2: 13.1037 - SNR: 22.03 dB - SSIM: 0.7818
Clip 105 - L1: 2.2113 - L2: 8.6022 - SNR: 24.10 dB - SSIM: 0.7895
Clip 106 - L1: 2.9415 - L2: 14.8323 - SNR: 21.80 dB - SSIM: 0.7797
Clip 107 - L1: 2.8774 - L2: 14.2288 - SNR: 22.43 dB - SSIM: 0.8003
Clip 108 - L1: 2.9533 - L2: 14.7686 - SNR: 22.29 dB - SSIM: 0.7639
Clip 109 - L1: 2.8092 - L2: 14.0974 - SNR: 22.63 dB - SSIM: 0.7654
Clip 110 - L1: 2.3728 - L2: 10.1299 - SNR: 24.67 dB - SSIM: 0.7433
Clip 111 - L1: 2.5481 - L2: 11.1043 - SNR: 23.80 dB - SSIM: 0.7927
Clip 112 - L1: 2.6085 - L2: 11.6735 - SNR: 23.01 dB - SSIM: 0.7832
Clip 113 - L1: 2.7668 - L2: 13.8617 - SNR: 22.22 dB - SSIM: 0.7836
Clip 114 - L1: 2.8404 - L2: 13.7785 - SNR: 22.22 dB - SSIM: 0.7747
Clip 115 - L1: 2.8941 - L2: 14.3871 - SNR: 22.31 dB - SSIM: 0.7559
Clip 116 - L1: 3.0045 - L2: 16.1204 - SNR: 21.99 dB - SSIM: 0.7786
Clip 117 - L1: 2.9968 - L2: 14.9821 - SNR: 21.33 dB - SSIM: 0.7576
Clip 118 - L1: 2.3022 - L2: 8.9946 - SNR: 24.55 dB - SSIM: 0.8074
Clip 119 - L1: 3.1058 - L2: 16.7523 - SNR: 20.96 dB - SSIM: 0.7537
Clip 120 - L1: 2.6590 - L2: 12.1827 - SNR: 22.45 dB - SSIM: 0.8250
Clip 121 - L1: 3.1004 - L2: 17.3192 - SNR: 22.32 dB - SSIM: 0.7680
Clip 122 - L1: 2.8248 - L2: 13.6185 - SNR: 22.72 dB - SSIM: 0.7929
Clip 123 - L1: 3.0261 - L2: 15.5445 - SNR: 22.82 dB - SSIM: 0.7718
Clip 124 - L1: 2.4910 - L2: 10.9389 - SNR: 23.78 dB - SSIM: 0.8067
Clip 125 - L1: 3.1881 - L2: 17.2535 - SNR: 21.67 dB - SSIM: 0.7640
Clip 126 - L1: 2.5566 - L2: 11.5464 - SNR: 23.27 dB - SSIM: 0.8023
Clip 127 - L1: 2.6808 - L2: 12.3256 - SNR: 23.15 dB - SSIM: 0.7742
Clip 128 - L1: 2.8453 - L2: 13.7194 - SNR: 22.69 dB - SSIM: 0.7755
Clip 129 - L1: 3.0649 - L2: 15.9574 - SNR: 21.37 dB - SSIM: 0.7814
Clip 130 - L1: 2.9514 - L2: 14.9560 - SNR: 21.66 dB - SSIM: 0.7727
Clip 131 - L1: 2.7387 - L2: 13.3387 - SNR: 22.02 dB - SSIM: 0.7933
Clip 132 - L1: 3.1969 - L2: 17.2380 - SNR: 21.63 dB - SSIM: 0.7581
Clip 133 - L1: 3.4308 - L2: 20.2080 - SNR: 20.89 dB - SSIM: 0.7163
Clip 134 - L1: 3.2964 - L2: 18.4420 - SNR: 20.86 dB - SSIM: 0.7362
Clip 135 - L1: 2.7574 - L2: 13.0256 - SNR: 22.28 dB - SSIM: 0.8084
Clip 136 - L1: 2.1809 - L2: 8.1340 - SNR: 24.75 dB - SSIM: 0.8160
Clip 137 - L1: 2.2612 - L2: 8.7761 - SNR: 24.91 dB - SSIM: 0.7070
Clip 138 - L1: 2.2406 - L2: 8.7662 - SNR: 24.51 dB - SSIM: 0.7904
Clip 139 - L1: 2.9725 - L2: 15.4601 - SNR: 21.78 dB - SSIM: 0.7647
Clip 140 - L1: 3.0823 - L2: 16.5420 - SNR: 22.00 dB - SSIM: 0.7133
Clip 141 - L1: 2.1970 - L2: 8.2134 - SNR: 24.94 dB - SSIM: 0.7477
Clip 142 - L1: 2.8194 - L2: 13.3684 - SNR: 22.60 dB - SSIM: 0.7767
Clip 143 - L1: 2.3648 - L2: 10.2261 - SNR: 24.41 dB - SSIM: 0.7791
Clip 144 - L1: 3.0312 - L2: 15.8046 - SNR: 21.75 dB - SSIM: 0.7727
Clip 145 - L1: 2.7334 - L2: 12.5790 - SNR: 22.74 dB - SSIM: 0.7848
Clip 146 - L1: 2.7428 - L2: 12.7167 - SNR: 22.39 dB - SSIM: 0.8209
Clip 147 - L1: 3.1519 - L2: 17.0462 - SNR: 21.06 dB - SSIM: 0.8014
Clip 148 - L1: 3.3440 - L2: 18.9609 - SNR: 21.00 dB - SSIM: 0.7625
Clip 149 - L1: 3.1145 - L2: 16.7257 - SNR: 21.05 dB - SSIM: 0.7830
Clip 150 - L1: 3.1759 - L2: 17.3623 - SNR: 21.68 dB - SSIM: 0.7559
Clip 151 - L1: 3.3185 - L2: 18.7281 - SNR: 20.81 dB - SSIM: 0.7544
Clip 152 - L1: 2.7618 - L2: 13.0715 - SNR: 22.22 dB - SSIM: 0.8094
Clip 153 - L1: 2.8629 - L2: 14.1656 - SNR: 22.02 dB - SSIM: 0.7887
Clip 154 - L1: 3.4060 - L2: 19.4627 - SNR: 21.00 dB - SSIM: 0.7345
Clip 155 - L1: 3.2481 - L2: 18.7761 - SNR: 21.06 dB - SSIM: 0.7579
Clip 156 - L1: 2.9161 - L2: 14.5132 - SNR: 22.10 dB - SSIM: 0.7729
Clip 157 - L1: 2.3233 - L2: 9.5021 - SNR: 24.38 dB - SSIM: 0.7589
Clip 158 - L1: 2.7712 - L2: 13.4009 - SNR: 22.82 dB - SSIM: 0.7677
Clip 159 - L1: 3.2829 - L2: 18.3114 - SNR: 21.38 dB - SSIM: 0.7480
Clip 160 - L1: 2.9421 - L2: 14.7205 - SNR: 21.79 dB - SSIM: 0.7834
Clip 161 - L1: 2.2986 - L2: 9.2545 - SNR: 23.83 dB - SSIM: 0.8071
Clip 162 - L1: 3.5137 - L2: 20.4937 - SNR: 20.34 dB - SSIM: 0.7113
Clip 163 - L1: 3.5468 - L2: 21.8751 - SNR: 21.05 dB - SSIM: 0.7582
Clip 164 - L1: 3.1370 - L2: 16.4257 - SNR: 20.90 dB - SSIM: 0.7577
Clip 165 - L1: 2.4540 - L2: 11.2677 - SNR: 23.66 dB - SSIM: 0.7370
Clip 166 - L1: 2.8252 - L2: 13.4751 - SNR: 21.91 dB - SSIM: 0.7908
Clip 167 - L1: 2.8696 - L2: 14.1533 - SNR: 21.66 dB - SSIM: 0.7959
Clip 168 - L1: 3.2515 - L2: 18.0178 - SNR: 21.25 dB - SSIM: 0.7581
Clip 169 - L1: 2.5043 - L2: 22.3076 - SNR: 23.30 dB - SSIM: 0.5815
Clip 170 - L1: 2.3537 - L2: 9.5240 - SNR: 23.49 dB - SSIM: 0.8191
Clip 171 - L1: 2.9679 - L2: 15.0587 - SNR: 21.33 dB - SSIM: 0.7571
Clip 172 - L1: 3.1275 - L2: 16.2562 - SNR: 21.75 dB - SSIM: 0.7836
Clip 173 - L1: 3.3608 - L2: 19.6957 - SNR: 20.44 dB - SSIM: 0.7663
Clip 174 - L1: 2.8787 - L2: 14.1361 - SNR: 22.03 dB - SSIM: 0.7888
Clip 175 - L1: 2.8462 - L2: 13.8823 - SNR: 22.80 dB - SSIM: 0.7981
Clip 176 - L1: 3.0803 - L2: 16.1720 - SNR: 21.81 dB - SSIM: 0.7641
Clip 177 - L1: 2.0567 - L2: 7.3581 - SNR: 25.47 dB - SSIM: 0.7707
Clip 178 - L1: 3.1184 - L2: 16.9534 - SNR: 22.12 dB - SSIM: 0.7875
Clip 179 - L1: 3.2607 - L2: 18.3918 - SNR: 21.09 dB - SSIM: 0.7534
Clip 180 - L1: 3.0383 - L2: 15.8610 - SNR: 21.83 dB - SSIM: 0.7929
Clip 181 - L1: 3.1331 - L2: 17.0030 - SNR: 21.40 dB - SSIM: 0.7831
Clip 182 - L1: 3.1638 - L2: 17.2291 - SNR: 22.16 dB - SSIM: 0.7550
Clip 183 - L1: 2.4124 - L2: 10.0651 - SNR: 24.55 dB - SSIM: 0.7650
Clip 184 - L1: 3.2170 - L2: 17.5561 - SNR: 21.35 dB - SSIM: 0.7675
Clip 185 - L1: 3.2327 - L2: 18.9806 - SNR: 21.89 dB - SSIM: 0.7032
Clip 186 - L1: 2.9053 - L2: 14.5109 - SNR: 21.64 dB - SSIM: 0.7607
Clip 187 - L1: 3.1814 - L2: 17.7100 - SNR: 21.24 dB - SSIM: 0.7510
Clip 188 - L1: 3.2807 - L2: 18.9037 - SNR: 21.14 dB - SSIM: 0.7451
Clip 189 - L1: 3.1390 - L2: 16.4239 - SNR: 22.15 dB - SSIM: 0.6925
Clip 190 - L1: 2.3796 - L2: 10.4582 - SNR: 24.41 dB - SSIM: 0.7504
Clip 191 - L1: 2.2890 - L2: 9.3567 - SNR: 24.83 dB - SSIM: 0.7693
Clip 192 - L1: 3.0120 - L2: 16.8695 - SNR: 22.46 dB - SSIM: 0.7255
Clip 193 - L1: 2.0549 - L2: 7.4430 - SNR: 25.47 dB - SSIM: 0.7539
Clip 194 - L1: 3.1450 - L2: 16.9528 - SNR: 21.71 dB - SSIM: 0.7699
Clip 195 - L1: 2.9919 - L2: 14.9930 - SNR: 21.85 dB - SSIM: 0.7875
Clip 196 - L1: 3.0784 - L2: 16.0559 - SNR: 22.28 dB - SSIM: 0.7321
Clip 197 - L1: 2.8715 - L2: 14.5007 - SNR: 22.11 dB - SSIM: 0.7679
Clip 198 - L1: 3.3130 - L2: 19.1104 - SNR: 20.92 dB - SSIM: 0.7176
Clip 199 - L1: 3.0114 - L2: 15.5260 - SNR: 21.97 dB - SSIM: 0.7647
Clip 200 - L1: 3.2104 - L2: 17.7611 - SNR: 21.42 dB - SSIM: 0.7534
Clip 201 - L1: 1.9599 - L2: 6.8568 - SNR: 25.60 dB - SSIM: 0.6407
Clip 202 - L1: 2.5995 - L2: 11.4343 - SNR: 23.15 dB - SSIM: 0.8310
Clip 203 - L1: 2.9688 - L2: 14.7590 - SNR: 21.91 dB - SSIM: 0.7935
Clip 204 - L1: 2.9716 - L2: 15.0463 - SNR: 22.75 dB - SSIM: 0.7960
Clip 205 - L1: 2.9341 - L2: 14.9426 - SNR: 22.08 dB - SSIM: 0.7903
Clip 206 - L1: 3.2925 - L2: 19.3500 - SNR: 21.17 dB - SSIM: 0.7258
Clip 207 - L1: 2.3914 - L2: 9.7855 - SNR: 24.39 dB - SSIM: 0.7871
Clip 208 - L1: 3.3232 - L2: 18.8604 - SNR: 21.07 dB - SSIM: 0.7432
Clip 209 - L1: 2.4303 - L2: 10.1567 - SNR: 23.38 dB - SSIM: 0.7902
Clip 210 - L1: 2.9880 - L2: 14.9590 - SNR: 22.15 dB - SSIM: 0.7684
Clip 211 - L1: 2.9973 - L2: 15.1070 - SNR: 21.53 dB - SSIM: 0.7268
Clip 212 - L1: 2.5151 - L2: 11.5491 - SNR: 23.13 dB - SSIM: 0.7923
Clip 213 - L1: 4.4882 - L2: 35.1794 - SNR: 18.64 dB - SSIM: 0.6667
Clip 214 - L1: 3.0477 - L2: 16.1784 - SNR: 21.66 dB - SSIM: 0.7574
Clip 215 - L1: 2.4932 - L2: 10.8790 - SNR: 23.78 dB - SSIM: 0.7443
Clip 216 - L1: 2.9591 - L2: 15.0276 - SNR: 22.27 dB - SSIM: 0.7823
Clip 217 - L1: 3.0324 - L2: 15.3114 - SNR: 21.85 dB - SSIM: 0.7483
Clip 218 - L1: 2.6323 - L2: 11.9953 - SNR: 22.98 dB - SSIM: 0.7901
Clip 219 - L1: 3.0720 - L2: 17.4546 - SNR: 21.46 dB - SSIM: 0.7846
Clip 220 - L1: 2.7250 - L2: 13.0852 - SNR: 23.06 dB - SSIM: 0.7745
Clip 221 - L1: 3.2969 - L2: 18.6861 - SNR: 20.94 dB - SSIM: 0.7506
Clip 222 - L1: 2.0949 - L2: 7.5589 - SNR: 24.54 dB - SSIM: 0.7672
Clip 223 - L1: 3.1401 - L2: 16.7920 - SNR: 21.81 dB - SSIM: 0.7759
Clip 224 - L1: 2.2714 - L2: 8.8140 - SNR: 24.49 dB - SSIM: 0.8241
Clip 225 - L1: 2.8107 - L2: 13.4846 - SNR: 22.44 dB - SSIM: 0.8045
Clip 226 - L1: 2.9332 - L2: 14.5697 - SNR: 22.56 dB - SSIM: 0.7896
Clip 227 - L1: 3.5942 - L2: 21.8540 - SNR: 21.25 dB - SSIM: 0.7388
Clip 228 - L1: 2.6069 - L2: 11.5866 - SNR: 24.04 dB - SSIM: 0.8011
Clip 229 - L1: 2.7809 - L2: 13.3721 - SNR: 21.95 dB - SSIM: 0.7848
Clip 230 - L1: 3.1124 - L2: 16.7117 - SNR: 21.32 dB - SSIM: 0.7523
Clip 231 - L1: 3.2802 - L2: 18.7489 - SNR: 20.96 dB - SSIM: 0.7525
Clip 232 - L1: 2.8140 - L2: 13.4465 - SNR: 22.31 dB - SSIM: 0.7810
Clip 233 - L1: 2.8190 - L2: 14.1365 - SNR: 22.57 dB - SSIM: 0.7437
Clip 234 - L1: 3.0326 - L2: 15.7095 - SNR: 21.29 dB - SSIM: 0.7839
Clip 235 - L1: 2.9629 - L2: 15.2403 - SNR: 22.22 dB - SSIM: 0.7611
Clip 236 - L1: 2.9966 - L2: 15.5743 - SNR: 22.19 dB - SSIM: 0.7720
Clip 237 - L1: 2.9229 - L2: 14.5069 - SNR: 22.35 dB - SSIM: 0.7547
Clip 238 - L1: 2.9277 - L2: 14.5358 - SNR: 21.51 dB - SSIM: 0.7919
Clip 239 - L1: 3.8014 - L2: 25.3764 - SNR: 19.31 dB - SSIM: 0.7206
Clip 240 - L1: 2.8615 - L2: 14.1308 - SNR: 22.78 dB - SSIM: 0.7955
Clip 241 - L1: 3.2154 - L2: 17.2677 - SNR: 21.58 dB - SSIM: 0.7776
Clip 242 - L1: 3.4506 - L2: 20.2000 - SNR: 21.71 dB - SSIM: 0.7045
Clip 243 - L1: 3.2685 - L2: 18.3267 - SNR: 20.28 dB - SSIM: 0.7557
Clip 244 - L1: 2.9552 - L2: 14.6869 - SNR: 21.56 dB - SSIM: 0.7666
Clip 245 - L1: 3.1340 - L2: 17.0716 - SNR: 21.69 dB - SSIM: 0.7871
Clip 246 - L1: 2.0781 - L2: 7.5349 - SNR: 26.05 dB - SSIM: 0.7440
Clip 247 - L1: 2.8112 - L2: 14.3870 - SNR: 22.98 dB - SSIM: 0.7195max n min  0.99686605 0.0
frames 0.8939485437729779 0.0011072794596354166
max n min  0.99738616 0.0
frames 0.762260466930913 0.022375966988357844
max n min  0.9974319 0.0
frames 0.9239985447303921 0.0196078431372549
max n min  0.99991494 0.0
frames 0.8697117225796569 0.0073048685111251534
max n min  0.9968842 0.0
frames 0.8941176470588236 0.027450980392156862
max n min  0.9997546 0.0
frames 0.9137254901960784 0.03137254901960784
max n min  0.999317 0.0
frames 0.9019607843137255 0.013133404301662072
max n min  0.9912594 0.0
frames 0.8243444854137945 0.01564001943550858
max n min  0.9962057 0.0
frames 0.8797385496251723 0.01176464604396446
max n min  0.99755824 0.0
frames 0.9047752829159007 0.04290651807598039
max n min  0.99081504 0.0
frames 0.8745098039215686 0.01568627450980392
max n min  0.9989039 0.0
frames 0.8980392156862745 0.01623989928002451
max n min  0.9933258 0.0
frames 0.8941176470588236 0.00392156862745098
max n min  0.9962778 0.0
frames 0.8741869159773284 0.016070743635589
max n min  0.9942465 0.0
frames 0.9607843137254902 0.0196078431372549
max n min  0.99786663 0.0
frames 0.8813534007352941 0.005751658420936734
max n min  0.9971906 0.0
frames 0.8859976974188113 0.027450980392156862
max n min  0.996727 0.0
frames 0.8431372549019608 0.01568627450980392
max n min  0.99990034 0.0
frames 0.8705882352941177 0.013225749894684436
max n min  0.9892685 0.0
frames 0.8777393079271504 0.01568627450980392
max n min  0.9906076 0.0
frames 0.9019607843137255 0.047058823529411764
max n min  0.9943274 0.0
frames 0.8922723508348652 0.023529411764705882
max n min  0.9995012 0.0
frames 0.9274125641467524 0.03529411764705882
max n min  0.9953424 0.0
frames 0.9058823529411765 0.01568627450980392
max n min  0.9931461 0.0
frames 0.9038063198912377 0.023575547162224264
max n min  0.9918543 0.0
frames 0.9028373269473805 0.023529411764705882
max n min  0.995679 0.0
frames 0.9636294495825674 0.01568627450980392
max n min  0.994075 0.0
frames 0.9021607642080269 0.0392156862745098
max n min  0.9993054 0.0
frames 0.8060592052983303 0.0196078431372549
max n min  0.99745065 0.0
frames 0.8982699076334636 0.03137254901960784
max n min  0.9948126 0.0
frames 0.9058823529411765 0.01568627450980392
max n min  0.9988559 0.0
frames 0.9004844291537416 0.00032294778262867646
max n min  0.9986793 0.0
frames 0.8116262959498985 0.027450980392156862
max n min  0.9990667 0.0
frames 0.8980392156862745 0.044136795343137254
max n min  0.9960059 0.0
frames 0.8693579580269608 0.027450980392156862
max n min  0.9988589 0.0
frames 0.8705882352941177 0.0196078431372549
max n min  0.99759656 0.0
frames 0.9215686274509803 0.01627065621170343
max n min  0.99830234 0.0
frames 0.8367089664234835 0.011764705882352941
max n min  0.99991 0.0
frames 0.9529411764705882 0.00784313725490196
max n min  0.9907219 0.0
frames 0.9254594391467524 0.027450980392156862
max n min  0.9975991 0.0
frames 0.894286870021446 0.008858116000306372
max n min  0.9965469 0.0
frames 0.9129564472273284 0.013917721019071691
max n min  0.9954976 0.0
frames 0.8823529411764706 0.00392156862745098
max n min  0.9966925 0.0
frames 0.9469440535003064 0.0050748937270220585
max n min  0.98980063 0.0
frames 0.8848904254389744 0.01568627450980392
max n min  0.9925583 0.0
frames 0.8638986624923407 0.0196078431372549
max n min  0.997062 0.0
frames 0.869865447399663 0.011764705882352941
max n min  0.99864596 0.0
frames 0.8994235169653799 0.0196078431372549
max n min  0.9987671 0.0
frames 0.8600845636106005 0.00784313725490196
max n min  0.9965936 0.0
frames 0.9372549019607843 0.00784313725490196
max n min  0.9897138 0.0
frames 0.8763090844247855 0.028465959137561274
max n min  0.99606085 0.0
frames 0.88904281317019 0.01896194757199755
max n min  0.99581546 0.0
frames 0.8862745098039215 0.0196078431372549
max n min  0.9912656 0.0
frames 0.9019607843137255 0.011072615081188725
max n min  0.9925044 0.0
frames 0.8509803921568627 0.0076124004289215685
max n min  0.9987677 0.0
frames 0.9088042614506741 0.03529411764705882
max n min  0.99600077 0.0
frames 0.9019607843137255 0.011764705882352941
max n min  0.9998595 0.0
frames 0.8431372549019608 0.01568627450980392
max n min  1.0 0.0
frames 0.8666666666666667 0.020299814261642155
max n min  0.9992181 0.0
frames 0.8823529411764706 0.020299889059627756
max n min  0.99701357 0.0
frames 0.8941176470588236 0.03529411764705882
max n min  0.9959885 0.0
frames 0.8290197035845588 0.00784313725490196
max n min  1.0 0.0
frames 0.8579316344915652 0.0238677417530733
max n min  0.9965738 0.0
frames 0.9254901960784314 0.027450980392156862
max n min  0.989847 0.0
frames 0.8980392156862745 0.01568627450980392
max n min  1.0 0.0
frames 0.8317570705039828 0.02014609692143459
max n min  0.99864596 0.0
frames 0.8941176470588236 0.01568627450980392
max n min  0.98688906 0.0
frames 0.920553648705576 0.023529411764705882
max n min  1.0 0.0
frames 0.8295271331188725 0.014532872742297602
max n min  0.99476635 0.0
frames 0.8976701325061275 0.011764705882352941
max n min  0.9928549 0.0
frames 0.8941176470588236 0.023667817957261028
max n min  0.99356604 0.0
frames 0.8431372549019608 0.0121337890625
max n min  0.9980025 0.0
frames 0.8210688572303921 0.00784313725490196
max n min  0.9929597 0.0
frames 0.8784313725490196 0.023344860824884153
max n min  0.9960438 0.0
frames 0.9176470588235294 0.01568627450980392
max n min  0.9907383 0.0
frames 0.8964706121706495 0.03863130457261029
max n min  0.9967066 0.0
frames 0.9050981708601409 0.04599770938648897
max n min  0.99769384 0.0
frames 0.8784313725490196 0.008858116000306372
max n min  0.99694854 0.0
frames 0.8574394674862132 0.00784313725490196
max n min  0.9978239 0.0
frames 0.9116492776309743 0.00392156862745098
max n min  0.99967945 0.0
frames 0.8627450980392157 0.0
max n min  0.9887991 0.0
frames 0.8781393612132353 0.016362927006740195
max n min  0.9941087 0.0
frames 0.9130488376991421 0.021591665230545343
max n min  0.99643314 0.0
frames 0.8823529411764706 0.00784313725490196
max n min  0.99945086 0.0
frames 0.9215686274509803 0.043137254901960784
max n min  0.99708 0.0
frames 0.9008381563074449 0.029926853553921568
max n min  0.9919284 0.0
frames 0.9254901960784314 0.009688583074831496
max n min  0.99636567 0.0030787468
frames 0.8767704982383578 0.019254078584558822
max n min  0.995751 0.0
frames 0.8784313725490196 0.01568627450980392
max n min  0.9997916 0.0
frames 0.9326874976064644 0.023529411764705882
max n min  0.99622804 0.0
frames 0.8679584727567785 0.01568627450980392
max n min  0.99955434 0.0
frames 0.8677432789522059 0.019838520124846815
max n min  0.99979866 0.0
frames 0.7676278507008272 0.027450980392156862
max n min  0.9989665 0.0
frames 0.8435987285539216 0.02503650141697304
max n min  0.9966645 0.0
frames 0.8970396004471124 0.01568627450980392
max n min  0.9945715 0.0
frames 0.867635928883272 0.00015378465839460784
max n min  0.9998887 0.0
frames 0.8847981770833333 0.047058823529411764
max n min  0.9996213 0.0008646011
frames 0.792156862745098 0.020392204733455883
max n min  0.99926597 0.0
frames 0.8627450980392157 0.01568627450980392
max n min  0.9968187 0.0
frames 0.8392156862745098 0.017531720329733456
max n min  0.9946186 0.0
frames 0.8876584520526961 0.011764705882352941
max n min  0.99029714 0.0
frames 0.9098039215686274 0.00784313725490196
max n min  0.98990566 0.0
frames 0.8980392156862745 0.01568627450980392
max n min  0.9991522 0.0
frames 0.9234141031901042 0.018454398360906864
max n min  0.9984633 0.0
frames 0.9372549019607843 0.04442904603247549
max n min  0.9948491 0.0
frames 0.889242613549326 0.01568627450980392
max n min  0.9997471 0.0
frames 0.9255363464355468 0.023529411764705882
max n min  0.9944855 0.0
frames 0.8954248465743719 0.03529411764705882
max n min  0.99621165 0.0
frames 0.9058823529411765 0.016470591227213543
max n min  0.99944115 0.0
frames 0.8235294117647058 0.01568627450980392
max n min  0.99841386 0.0
frames 0.9019607843137255 0.01568627450980392
max n min  0.9990655 0.00066070555
frames 0.8958092783011642 0.03137254901960784
max n min  1.0 0.0
frames 0.9803921568627451 0.023560168696384803
max n min  0.9859185 0.0
frames 0.9254901960784314 0.00784313725490196
max n min  0.995955 0.0
frames 0.8862745098039215 0.00784313725490196
max n min  0.9999685 0.0
frames 0.807843137254902 0.01568627450980392
max n min  0.99658424 0.0
frames 0.9294117647058824 0.047058823529411764
max n min  0.99495393 0.0
frames 0.9647058823529412 0.023529411764705882
max n min  0.9996613 0.0
frames 0.9171241909849878 0.04312181659773284
max n min  0.9973446 0.0
frames 0.9058823529411765 0.03738558900122549
max n min  0.99054635 0.0
frames 0.8431372549019608 0.010103771733302696
max n min  0.9999272 0.0
frames 0.9349481919232536 0.03529411764705882
max n min  0.9993774 0.0
frames 0.9108652152267157 0.0392156862745098
max n min  0.99897957 0.0
frames 0.9176470588235294 0.03137254901960784
max n min  0.99970543 0.0
frames 0.8941176470588236 0.030603655646829046
max n min  0.9989635 0.0
frames 0.888812136182598 0.011764705882352941
max n min  0.9932332 0.0
frames 0.8753556307624368 0.01568627450980392
max n min  0.9920429 0.0
frames 0.8838293337354473 0.01568627450980392
max n min  0.9916452 0.0
frames 0.8958862155091529 0.0196078431372549
max n min  0.99955666 0.0
frames 0.8235294117647058 0.03137254901960784
max n min  0.99826443 0.0
frames 0.9254901960784314 0.03990765739889706
max n min  0.9932643 0.0
frames 0.9294117647058824 0.010226836859011183
max n min  0.99134636 0.0
frames 0.9086505964690563 0.027450980392156862
max n min  0.98790294 0.0
frames 0.8901960784313725 0.023529411764705882
max n min  0.9962121 0.0
frames 0.8496424357096354 0.011764705882352941
max n min  1.0 0.0
frames 0.9096501967486214 0.01568627450980392
max n min  0.9940742 0.0
frames 0.9050057654287301 0.018316037047143074
max n min  0.99137735 0.0
frames 0.9093425675934437 0.03137254901960784
max n min  0.9985112 0.0
frames 0.8588235294117647 0.02131485284543505
max n min  0.9895736 0.0
frames 0.9000384461645986 0.0196078431372549
max n min  0.9948279 0.0
frames 0.8901960784313725 0.047058823529411764
max n min  0.99460876 0.0
frames 0.9016839719286152 0.03137254901960784
max n min  0.9999469 0.0
frames 0.8519032197840074 0.016762783948112935
max n min  0.9960554 0.0
frames 0.8980392156862745 0.012226059857536765
max n min  0.9970743 0.0
frames 0.9176470588235294 0.0196078431372549
max n min  0.9940546 0.0
frames 0.9075740141027114 0.03452516443589154
max n min  0.9975279 0.0
frames 0.9176470588235294 0.0392156862745098
max n min  0.9906246 0.0
frames 0.8431372549019608 0.0196078431372549
max n min  0.9970396 0.0
frames 0.9004229078105852 0.047058823529411764
max n min  0.9977336 0.0
frames 0.9083583457797182 0.050980392156862744
max n min  0.9976271 0.0
frames 0.8941176470588236 0.02019223979875153
max n min  0.9932823 0.0
frames 0.9137254901960784 0.024913473690257353
max n min  0.9992846 0.00028848648
frames 0.9004382264380362 0.01568627450980392
max n min  0.9969856 0.0
frames 0.8475662007051356 0.01642446330949372
max n min  0.9935759 0.0
frames 0.8811073452818627 0.01568627450980392
max n min  0.98107356 0.0
frames 0.9176470588235294 0.0196078431372549
max n min  0.98889905 0.0
frames 0.9529411764705882 0.047058823529411764
max n min  0.9967803 0.0
frames 0.8627450980392157 0.0196078431372549
max n min  0.9889806 0.0
frames 0.9119725844439338 0.0
max n min  0.99904126 0.0
frames 0.8703575732661228 0.04844288545496324
max n min  0.996939 0.0
frames 0.8784312678318398 0.011764705882352941
max n min  0.99651754 0.0
frames 0.8862745098039215 0.01568627450980392
max n min  0.98099554 0.0
frames 0.8666666666666667 0.00784313725490196
max n min  0.99916923 0.0
frames 0.8504574046415441 0.014809642118566177
max n min  0.99000776 0.0
frames 0.9329488716873469 0.023529411764705882
max n min  0.9984754 0.0
frames 0.9568627450980393 0.01568627450980392
max n min  0.992856 0.0
frames 0.8558247285730699 0.0060745538449754905
max n min  0.99843854 0.025127793
frames 0.8461361155790441 0.01568627450980392
max n min  0.99686563 0.0
frames 0.88765869140625 0.003844616459865196
max n min  0.99908286 0.0
frames 0.8972704120710784 0.008119949640012255
max n min  0.99311364 0.0
frames 0.9294117647058824 0.012810456519033394
max n min  0.9980918 0.0
frames 0.9191080729166666 0.0392156862745098
max n min  0.9949042 0.0
frames 0.8980392156862745 0.01860818301930147
max n min  0.9972173 0.0
frames 0.9490196078431372 0.021268747367110905
max n min  0.99770164 0.0
frames 0.8938870897480086 0.01568627450980392
max n min  0.9983695 0.0
frames 0.8745098039215686 0.015717031441482843
max n min  0.9877661 0.0
frames 0.8941176470588236 0.016301413143382352
max n min  0.9918373 0.0
frames 0.8941176470588236 0.019807766933067173
max n min  0.9902051 0.0
frames 0.9176470588235294 0.027450980392156862
max n min  0.9994389 0.0
frames 0.9215686274509803 0.00784313725490196
max n min  0.99996865 0.0
frames 0.7254901960784313 0.10209913066789215
max n min  0.9958938 0.0
frames 0.9245213527305454 0.03529411764705882
max n min  0.9905136 0.0
frames 0.9098039215686274 0.023375657025505515
max n min  0.9955431 0.0
frames 0.9178777358111213 0.04628978056066176
max n min  0.9993364 0.0
frames 0.9279661589977788 0.0392156862745098
max n min  0.99551046 0.0
frames 0.8910268746170343 0.01602460075827206
max n min  0.99992573 0.0
frames 0.8637451171875 0.043890799728094364
max n min  0.998044 0.0
frames 0.895117307176777 0.013148797727098652
max n min  0.9971672 0.0
frames 0.9263668284696691 0.030219149122051165
max n min  0.99877155 0.0
frames 0.8823529411764706 0.018515912224264706
max n min  0.9957835 0.0
frames 0.8196078431372549 0.019100383683746936
max n min  0.9806677 0.0
frames 0.8389388514500038 0.03972317564721201
max n min  0.9923336 0.0
frames 0.8776472503063726 0.01568627450980392
max n min  0.9940612 0.0
frames 0.9137254901960784 0.027450980392156862
max n min  0.9962363 0.0
frames 0.8661745482800054 0.025005744485294117
max n min  0.99721783 0.0
frames 0.9095735437729779 0.014225320255055147
max n min  0.9998614 0.0
frames 0.9137254901960784 0.023529411764705882
max n min  0.9940115 0.0
frames 0.8941176470588236 0.012656656901041667
max n min  0.9953472 0.0
frames 0.8627450980392157 0.00784313725490196
max n min  0.9970554 0.0
frames 0.9058823529411765 0.038800407858455885
max n min  0.99792993 0.0
frames 0.788235294117647 0.00470587038526348
max n min  0.9944088 0.0
frames 0.8745098039215686 0.013917721019071691
max n min  0.9901618 0.0
frames 0.8987310372146906 0.023667817957261028
max n min  0.9964573 0.0
frames 0.9130334293141085 0.03529411764705882
max n min  1.0 6.637573e-05
frames 0.8224683574601716 0.0
max n min  0.9892664 0.0
frames 0.9146943335439645 0.023529411764705882
max n min  0.9963682 0.0
frames 0.9215686274509803 0.023529411764705882
max n min  0.98654586 0.0
frames 0.9030680488137638 0.04499810910692402
max n min  0.9994222 0.0
frames 0.802229907465916 0.008458275888480393
max n min  0.9973094 0.0
frames 0.8901960784313725 0.00392156862745098
max n min  0.99770194 0.0
frames 0.8235294117647058 0.01254894780177696
max n min  0.9947379 0.0
frames 0.8784313725490196 0.01568627450980392
max n min  0.99866307 0.0
frames 0.8634372486787684 0.0196078431372549
max n min  0.99739903 0.0
frames 0.9176470588235294 0.02151477290134804
max n min  0.9987974 0.0
frames 0.8835678998161764 0.01568627450980392
max n min  0.99923813 0.0
frames 0.8832757089652267 0.02445211971507353
max n min  0.9968006 0.0
frames 0.969073606004902 0.00784313725490196
max n min  0.9981408 0.0
frames 0.9039908166025199 0.0196078431372549
max n min  0.9995478 0.0
frames 0.9010380763633579 0.03529411764705882
max n min  0.9932005 0.0
frames 0.9176470588235294 0.043137254901960784
max n min  0.9986278 0.0
frames 0.9137254901960784 0.023529411764705882
max n min  0.9978981 0.0
frames 0.9019607843137255 0.042214487113204656
max n min  0.99550474 0.0
frames 0.8618225247252221 0.008350626627604166
max n min  0.99209344 0.0
frames 0.9215686274509803 0.03132635378370098
max n min  0.99935114 0.0
frames 0.9215686274509803 0.01568627450980392
max n min  0.9874426 0.0
frames 0.909388702990962 0.026712799072265626
max n min  0.9975449 0.0
frames 0.9050980437035654 0.00392156862745098
max n min  0.99374455 0.0
frames 0.8784313725490196 0.011764705882352941
max n min  0.99290925 0.0
frames 0.9219838460286458 0.027450980392156862
max n min  0.9992396 0.0
frames 0.9019607843137255 0.0392156862745098
max n min  0.9985164 0.0
frames 0.9185697742536956 0.00784313725490196
max n min  0.9943965 0.0
frames 0.900576722388174 0.05167236328125
max n min  0.99228257 0.0
frames 0.9333333333333333 0.03529411764705882
max n min  0.98823273 0.0
frames 0.9301498861873851 0.030772729013480393
max n min  0.99580383 0.0
frames 0.8895963781020221 0.01568627450980392
max n min  0.99908656 0.0
frames 0.8392156862745098 0.0196078431372549
max n min  0.9994615 0.0
frames 0.8509803921568627 0.012226059857536765
max n min  1.0 0.0
frames 0.8345560709635417 0.0160092222924326
max n min  0.9989707 0.00020542144
frames 0.8823529411764706 0.0
max n min  0.99182385 0.0
frames 0.9137254901960784 0.027450980392156862
max n min  0.9957274 0.0
frames 0.9058823529411765 0.03746248133042279
max n min  0.999802 0.0
frames 0.9305650299670649 0.03529411764705882
max n min  0.99048996 0.0
frames 0.891026336071538 0.019069536994485294
max n min  0.9957557 0.0
frames 0.8828146541819853 0.011764705882352941
max n min  0.9882518 0.0
frames 0.9450980392156862 0.01568627450980392
max n min  0.9967183 0.0
frames 0.9418993183210784 0.03137254901960784
max n min  0.99644244 0.011120033
frames 0.792156862745098 0.03217224420285692
max n min  0.9983555 0.0
frames 0.8901960784313725 0.011764705882352941
max n min  0.99673766 0.0
frames 0.9019607843137255 0.03529411764705882
max n min  0.9997533 0.0
frames 0.8638987821691176 0.007151121251723345
max n min  0.99733114 0.0
frames 0.9043600044998468 0.03487888410979626
max n min  0.99618804 0.0
frames 0.9176470588235294 0.03697040034275429
max n min  0.99934053 0.0
frames 0.9137254901960784 0.04059962852328431
max n min  0.9898362 0.0
frames 0.9073588053385416 0.0392156862745098
max n min  0.99393046 0.0
frames 0.9058823529411765 0.047058823529411764
max n min  0.99872863 0.0
frames 0.8705882352941177 0.020991920022403493
max n min  0.9960718 0.0
frames 0.8784313725490196 0.01568627450980392
max n min  0.9927145 0.0
frames 0.9019607843137255 0.01568627450980392
max n min  0.9999865 0.0
frames 0.8922722311580882 0.006043796913296568
max n min  0.99897516 0.0
frames 0.8392156862745098 0.011764705882352941
max n min  0.9959586 0.0
frames 0.9212764366000307 0.010642018037683823
max n min  0.9983307 0.0
frames 0.9158016429227941 0.01568627450980392
max n min  0.995957 0.0
frames 0.9333333333333333 0.027450980392156862
max n min  0.99432915 0.0
frames 0.8579930922564338 0.01568627450980392
max n min  0.9985202 0.0
frames 0.9450980392156862 0.043137254901960784
max n min  0.99839246 0.0
frames 0.8541638243432138 0.0012917911305147058
max n min  0.98944795 0.0
frames 0.8862745098039215 0.03275663338455499
max n min  0.99601746 0.0
frames 0.9167245902267157 0.011764705882352941
max n min  0.9935315 0.0
frames 0.8793696384803922 0.0476739621629902
max n min  0.99306124 0.0
frames 0.9058823529411765 0.043137254901960784
max n min  0.99326193 0.0
frames 0.8588235294117647 0.023529411764705882
max n min  0.99942195 0.0
frames 0.9164014629289216 0.004059914981617647
max n min  0.99220926 0.0
frames 0.8705882539936141 0.011764705882352941
max n min  0.9976961 0.0
frames 0.9063899619906557 0.023529411764705882
max n min  0.99959457 0.0
frames 0.8987774418849571 0.005951526118259804
max n min  0.99992675 0.0
frames 0.8807843376608456 0.0196078431372549
max n min  0.99352944 0.0
frames 0.9137254901960784 0.0
max n min  0.9923357 0.0
frames 0.9578623547273524 0.00784313725490196
max n min  0.99277735 0.0
frames 0.8745098039215686 0.0196078431372549
max n min  0.9936367 0.0
frames 0.8941176470588236 0.012964226217830882
max n min  0.9954486 0.0
frames 0.8784313725490196 0.01956164790134804
max n min  0.99074924 0.0
frames 0.8784313725490196 0.00392156862745098
max n min  0.9945008 0.0
frames 0.9218455595128676 0.0392156862745098
max n min  0.9909948 0.0
frames 0.8936563529220282 0.011764705882352941
max n min  0.99731576 0.0
frames 0.9395155962775735 0.029480937882965685
max n min  0.997214 0.0
frames 0.9019607843137255 0.023529411764705882
max n min  0.9999256 0.0
frames 0.9215686274509803 0.01665513281728707
max n min  0.9865655 0.0
frames 0.8972548391304764 0.043137254901960784
max n min  0.99109143 0.0
frames 0.9263052547679228 0.047058823529411764
max n min  0.9986032 0.0
frames 0.8509803921568627 0.0196078431372549
max n min  0.994236 0.0
frames 0.8811996160768996 0.0
max n min  0.99612397 0.0
frames 0.9107113108915441 0.024359848920036765
max n min  0.9996788 0.0
frames 0.8478585093629126 0.03283351823395374
max n min  0.9977104 0.0
frames 0.8784313725490196 0.01568627450980392
max n min  0.99923074 0.0
frames 0.9058823529411765 0.023529411764705882
max n min  0.9999447 0.0
frames 0.9116032170314415 0.015717031441482843
max n min  0.9887603 0.0
frames 0.8627450980392157 0.0196078431372549
max n min  0.99920815 0.0
frames 0.8784313725490196 0.01568627450980392
max n min  0.99977195 0.0
frames 0.9359630958706725 0.01568627450980392
max n min  0.99835825 0.0
frames 0.8492426853553922 0.01568627450980392
max n min  0.9979621 0.0
frames 0.8678818646599264 0.024175247491574754
max n min  0.99765253 0.0
frames 0.901176482555913 0.03137254901960784
max n min  0.991313 0.0
frames 0.8705882352941177 0.010242177925857843
max n min  0.9937774 0.0
frames 0.8509803921568627 0.023529411764705882
max n min  0.9999565 0.0
frames 0.8521337920544194 0.00392156862745098
max n min  0.999509 0.0
frames 0.8509803921568627 0.01799310422411152
max n min  0.9944693 0.0
frames 0.8313725490196079 0.0196078431372549
max n min  0.99008864 0.0
frames 0.904498410692402 0.027450980392156862
max n min  0.9977533 0.0
frames 0.889211856617647 0.0026297513176413143
max n min  0.9996816 0.0
frames 0.8766627704395967 0.01568627450980392
max n min  0.99849 0.0
frames 0.8901960784313725 0.011764705882352941
max n min  0.9891057 0.0
frames 0.9154171214384191 0.039584776934455425
max n min  0.9970215 0.0
frames 0.9176470588235294 0.0392156862745098
max n min  0.99415046 0.0
frames 0.8859670003255208 0.043137254901960784
max n min  0.9993703 0.0
frames 0.912879674574908 0.031680118336397056
max n min  0.9994755 0.0
frames 0.899653969559015 0.03529411764705882
max n min  0.9912241 0.0
frames 0.9592619652841605 0.0033063701554840686
max n min  0.9923827 0.0
frames 0.9418683519550398 0.011764705882352941
max n min  0.99822074 0.0
frames 0.7769320020488665 0.00784313725490196
max n min  0.9996689 0.0
frames 0.9607843137254902 0.009919275022020528
max n min  0.99323404 0.0
frames 0.8618839039522059 0.00784313725490196
max n min  0.996888 0.0
frames 0.9156016630284927 0.01622452081418505
max n min  0.9979224 0.0
frames 0.8704344207165288 0.004336772245519301
max n min  0.99782497 0.0
frames 0.9045290479473039 0.01568627450980392
max n min  0.9997338 0.0
frames 0.9058823529411765 0.03529411764705882
max n min  0.994448 0.0
frames 0.8980392156862745 0.02246828266218597
max n min  0.9928374 0.0
frames 0.8682352701822916 0.00392156862745098
max n min  0.9981303 0.0
frames 0.8392156862745098 0.013763936360677083
max n min  0.997538 0.0
frames 0.9185082678701363 0.043137254901960784
max n min  0.99987537 0.0
frames 0.8862745098039215 0.00392156862745098
max n min  0.9999615 0.0
frames 0.9176470588235294 0.03529411764705882
max n min  0.9825653 0.0
frames 0.8901960784313725 0.0196078431372549
max n min  0.9994524 0.0
frames 0.9077277838015089 0.0392156862745098
max n min  0.9975192 0.0
frames 0.8828757940554152 0.023529411764705882
max n min  0.99777335 0.0
frames 0.901730167164522 0.03137254901960784
max n min  0.99838907 0.0
frames 0.938715841255936 0.010503649244121477
max n min  0.9980401 4.091263e-05
frames 0.9372549019607843 0.014348333022173714
max n min  0.9985019 0.0
frames 0.9057900821461397 0.03137254901960784
max n min  0.9923725 0.0
frames 0.8470588235294118 0.011764705882352941
max n min  0.9900715 0.0
frames 0.8666666666666667 0.011764705882352941
max n min  0.9924582 0.0
frames 0.8470588235294118 0.00901193057789522
max n min  0.9994976 0.0
frames 0.9254901960784314 0.0196078431372549
max n min  0.99783915 0.0
frames 0.9181238511029411 0.025005744485294117
max n min  0.9960109 0.0
frames 0.8950865502450981 0.017301043342141543
max n min  1.0 0.0
frames 0.9035754035500919 0.023529411764705882

Clip 248 - L1: 2.0289 - L2: 7.5823 - SNR: 25.09 dB - SSIM: 0.7515
Clip 249 - L1: 2.7548 - L2: 13.0709 - SNR: 22.75 dB - SSIM: 0.8176
Clip 250 - L1: 2.6657 - L2: 12.2473 - SNR: 22.42 dB - SSIM: 0.8047
Clip 251 - L1: 3.1218 - L2: 16.9681 - SNR: 20.94 dB - SSIM: 0.7509
Clip 252 - L1: 2.9501 - L2: 14.7893 - SNR: 21.70 dB - SSIM: 0.7564
Clip 253 - L1: 2.2293 - L2: 8.8837 - SNR: 24.86 dB - SSIM: 0.7168
Clip 254 - L1: 2.8140 - L2: 13.6529 - SNR: 22.74 dB - SSIM: 0.7742
Clip 255 - L1: 3.2281 - L2: 18.1942 - SNR: 21.05 dB - SSIM: 0.7380
Clip 256 - L1: 3.2947 - L2: 18.4440 - SNR: 20.74 dB - SSIM: 0.7335
Clip 257 - L1: 3.2267 - L2: 17.7121 - SNR: 22.02 dB - SSIM: 0.7753
Clip 258 - L1: 3.0825 - L2: 16.7946 - SNR: 21.66 dB - SSIM: 0.7774
Clip 259 - L1: 2.0894 - L2: 7.4192 - SNR: 24.80 dB - SSIM: 0.7916
Clip 260 - L1: 3.0217 - L2: 15.4508 - SNR: 21.85 dB - SSIM: 0.7657
Clip 261 - L1: 2.6083 - L2: 11.5553 - SNR: 22.71 dB - SSIM: 0.7999
Clip 262 - L1: 2.9946 - L2: 15.1370 - SNR: 21.96 dB - SSIM: 0.7574
Clip 263 - L1: 3.0034 - L2: 16.1292 - SNR: 22.46 dB - SSIM: 0.7536
Clip 264 - L1: 2.9345 - L2: 15.0214 - SNR: 22.21 dB - SSIM: 0.7868
Clip 265 - L1: 1.9613 - L2: 6.9705 - SNR: 26.54 dB - SSIM: 0.7435
Clip 266 - L1: 2.9598 - L2: 14.9933 - SNR: 21.69 dB - SSIM: 0.8130
Clip 267 - L1: 2.0674 - L2: 7.2911 - SNR: 25.52 dB - SSIM: 0.6980
Clip 268 - L1: 2.2046 - L2: 8.5359 - SNR: 23.71 dB - SSIM: 0.8194
Clip 269 - L1: 3.2809 - L2: 19.3903 - SNR: 21.28 dB - SSIM: 0.7616
Clip 270 - L1: 2.6240 - L2: 11.8500 - SNR: 22.24 dB - SSIM: 0.7891
Clip 271 - L1: 3.0252 - L2: 15.7182 - SNR: 21.93 dB - SSIM: 0.7870
Clip 272 - L1: 3.1038 - L2: 16.5146 - SNR: 21.71 dB - SSIM: 0.7602
Clip 273 - L1: 3.1297 - L2: 17.0130 - SNR: 21.63 dB - SSIM: 0.7773
Clip 274 - L1: 3.1645 - L2: 17.2967 - SNR: 21.47 dB - SSIM: 0.7728
Clip 275 - L1: 2.6412 - L2: 13.1195 - SNR: 21.69 dB - SSIM: 0.8052
Clip 276 - L1: 2.6752 - L2: 12.1369 - SNR: 23.10 dB - SSIM: 0.8146
Clip 277 - L1: 3.3121 - L2: 18.8162 - SNR: 21.42 dB - SSIM: 0.7605
Clip 278 - L1: 3.3365 - L2: 18.6651 - SNR: 20.98 dB - SSIM: 0.7229
Clip 279 - L1: 3.4157 - L2: 19.7485 - SNR: 21.10 dB - SSIM: 0.7625
Clip 280 - L1: 3.1182 - L2: 16.2888 - SNR: 21.54 dB - SSIM: 0.7598
Clip 281 - L1: 2.6126 - L2: 11.9582 - SNR: 23.11 dB - SSIM: 0.7948
Clip 282 - L1: 2.9574 - L2: 15.3227 - SNR: 21.83 dB - SSIM: 0.7983
Clip 283 - L1: 3.2590 - L2: 18.1581 - SNR: 20.98 dB - SSIM: 0.7346
Clip 284 - L1: 2.3522 - L2: 9.9784 - SNR: 24.47 dB - SSIM: 0.7845
Clip 285 - L1: 3.1444 - L2: 16.7487 - SNR: 21.30 dB - SSIM: 0.7680
Clip 286 - L1: 2.6535 - L2: 11.8811 - SNR: 22.99 dB - SSIM: 0.7928
Clip 287 - L1: 2.7836 - L2: 13.1560 - SNR: 22.55 dB - SSIM: 0.8052
Clip 288 - L1: 2.7311 - L2: 12.7180 - SNR: 22.28 dB - SSIM: 0.7962
Clip 289 - L1: 2.9437 - L2: 14.4955 - SNR: 22.21 dB - SSIM: 0.7581
Clip 290 - L1: 2.6820 - L2: 12.2895 - SNR: 23.07 dB - SSIM: 0.7938
Clip 291 - L1: 3.2103 - L2: 17.3492 - SNR: 21.81 dB - SSIM: 0.7547
Clip 292 - L1: 2.9332 - L2: 14.8447 - SNR: 22.31 dB - SSIM: 0.7581
Clip 293 - L1: 2.6652 - L2: 12.2608 - SNR: 22.37 dB - SSIM: 0.7794
Clip 294 - L1: 2.6222 - L2: 12.2293 - SNR: 23.38 dB - SSIM: 0.8071
Clip 295 - L1: 3.3495 - L2: 19.4729 - SNR: 20.86 dB - SSIM: 0.7713
Clip 296 - L1: 3.3758 - L2: 20.3006 - SNR: 20.87 dB - SSIM: 0.7335
Clip 297 - L1: 3.0286 - L2: 15.7841 - SNR: 22.09 dB - SSIM: 0.7941
Clip 298 - L1: 2.8655 - L2: 13.7782 - SNR: 21.81 dB - SSIM: 0.7801
Clip 299 - L1: 3.1225 - L2: 16.6694 - SNR: 21.35 dB - SSIM: 0.7692
Clip 300 - L1: 2.5478 - L2: 11.4328 - SNR: 24.02 dB - SSIM: 0.7694
Clip 301 - L1: 2.6427 - L2: 12.3497 - SNR: 23.04 dB - SSIM: 0.7716
Clip 302 - L1: 2.8115 - L2: 13.1578 - SNR: 21.60 dB - SSIM: 0.7677
Clip 303 - L1: 3.0016 - L2: 15.3619 - SNR: 21.62 dB - SSIM: 0.7823
Clip 304 - L1: 3.2990 - L2: 18.7501 - SNR: 21.17 dB - SSIM: 0.7431
Clip 305 - L1: 2.6888 - L2: 12.6526 - SNR: 22.89 dB - SSIM: 0.8018
Clip 306 - L1: 2.8444 - L2: 14.0217 - SNR: 22.64 dB - SSIM: 0.7360
Clip 307 - L1: 3.2746 - L2: 18.3039 - SNR: 21.28 dB - SSIM: 0.7726
Clip 308 - L1: 2.3472 - L2: 9.3932 - SNR: 24.24 dB - SSIM: 0.8181
Clip 309 - L1: 3.4031 - L2: 19.9179 - SNR: 21.41 dB - SSIM: 0.7638
Clip 310 - L1: 3.5400 - L2: 21.8859 - SNR: 21.03 dB - SSIM: 0.7103
Clip 311 - L1: 2.6983 - L2: 12.6891 - SNR: 22.70 dB - SSIM: 0.7893
Clip 312 - L1: 3.5223 - L2: 21.3785 - SNR: 21.00 dB - SSIM: 0.7081
Clip 313 - L1: 2.4382 - L2: 10.4925 - SNR: 23.63 dB - SSIM: 0.7235
Clip 314 - L1: 2.6451 - L2: 11.8541 - SNR: 22.08 dB - SSIM: 0.8218
Clip 315 - L1: 2.9093 - L2: 14.3242 - SNR: 22.20 dB - SSIM: 0.7929
Clip 316 - L1: 2.7207 - L2: 12.4687 - SNR: 22.72 dB - SSIM: 0.7947
Clip 317 - L1: 3.0697 - L2: 15.8355 - SNR: 21.43 dB - SSIM: 0.7623
Clip 318 - L1: 2.5448 - L2: 11.3772 - SNR: 23.09 dB - SSIM: 0.8092
Clip 319 - L1: 1.8653 - L2: 5.9042 - SNR: 26.82 dB - SSIM: 0.7194
Clip 320 - L1: 3.1658 - L2: 16.5095 - SNR: 21.61 dB - SSIM: 0.7795
Clip 321 - L1: 3.0163 - L2: 15.6684 - SNR: 21.48 dB - SSIM: 0.7774
Clip 322 - L1: 2.5642 - L2: 11.4451 - SNR: 22.84 dB - SSIM: 0.8206
Clip 323 - L1: 2.0964 - L2: 7.7577 - SNR: 25.75 dB - SSIM: 0.7659
Clip 324 - L1: 3.0439 - L2: 15.7336 - SNR: 21.26 dB - SSIM: 0.7436
Clip 325 - L1: 3.0525 - L2: 16.5190 - SNR: 21.69 dB - SSIM: 0.7753
Clip 326 - L1: 2.2934 - L2: 9.7379 - SNR: 24.13 dB - SSIM: 0.7487
Clip 327 - L1: 2.2401 - L2: 9.4533 - SNR: 24.57 dB - SSIM: 0.7220
Clip 328 - L1: 3.0488 - L2: 16.8741 - SNR: 21.66 dB - SSIM: 0.7769
Clip 329 - L1: 2.4201 - L2: 10.4760 - SNR: 23.39 dB - SSIM: 0.7860
Clip 330 - L1: 2.9688 - L2: 15.1947 - SNR: 22.01 dB - SSIM: 0.8039
Clip 331 - L1: 3.3334 - L2: 18.8638 - SNR: 21.11 dB - SSIM: 0.7627
Clip 332 - L1: 3.0868 - L2: 16.4748 - SNR: 21.08 dB - SSIM: 0.7789
Clip 333 - L1: 3.0560 - L2: 15.8347 - SNR: 21.68 dB - SSIM: 0.7781
Clip 334 - L1: 2.9776 - L2: 14.9148 - SNR: 21.80 dB - SSIM: 0.7900
Clip 335 - L1: 2.3915 - L2: 10.0875 - SNR: 24.21 dB - SSIM: 0.7668
Clip 336 - L1: 2.8183 - L2: 14.1912 - SNR: 23.06 dB - SSIM: 0.7264
Clip 337 - L1: 2.9450 - L2: 14.9753 - SNR: 22.33 dB - SSIM: 0.7406
Clip 338 - L1: 3.0203 - L2: 15.8557 - SNR: 22.04 dB - SSIM: 0.7507
Clip 339 - L1: 2.9415 - L2: 14.5914 - SNR: 22.17 dB - SSIM: 0.7644
Clip 340 - L1: 2.8704 - L2: 13.9207 - SNR: 22.06 dB - SSIM: 0.7862
Clip 341 - L1: 3.2451 - L2: 17.8681 - SNR: 21.64 dB - SSIM: 0.7679
Clip 342 - L1: 2.6982 - L2: 12.8613 - SNR: 22.67 dB - SSIM: 0.8127
Clip 343 - L1: 2.8201 - L2: 13.5368 - SNR: 22.75 dB - SSIM: 0.7847
Clip 344 - L1: 3.2814 - L2: 19.2528 - SNR: 21.25 dB - SSIM: 0.7967

Métricas globales (dataset completo):
Avg L1 Loss: 2.897498
Avg L2 Loss: 14.784513
Avg SNR (dB): 22.33 dB
Avg SSIM: 0.7679

Mejor clip: 55 con SNR = 27.09 dB
Peor clip: 12 con SNR = 18.12 dB
✅ Comparación visual guardada en outputs/comparacion_general.png
✅ Métricas guardadas en outputs/clip_metrics.csv
